2025-05-04 10:49:16 [scrapy.utils.log] INFO: Scrapy 2.12.0 started (bot: weather_project)
2025-05-04 10:49:16 [scrapy.utils.log] INFO: Versions: lxml 5.3.0.0, libxml2 2.13.7, cssselect 1.2.0, parsel 1.8.1, w3lib 2.1.2, Twisted 24.11.0, Python 3.9.21 (main, Dec 11 2024, 16:35:24) [MSC v.1929 64 bit (AMD64)], pyOpenSSL 25.0.0 (OpenSSL 3.0.15 3 Sep 2024), cryptography 44.0.1, Platform Windows-10-10.0.26100-SP0
2025-05-04 10:49:16 [scrapy.addons] INFO: Enabled addons:
[]
2025-05-04 10:49:16 [asyncio] DEBUG: Using selector: SelectSelector
2025-05-04 10:49:16 [scrapy.utils.log] DEBUG: Using reactor: twisted.internet.asyncioreactor.AsyncioSelectorReactor
2025-05-04 10:49:16 [scrapy.utils.log] DEBUG: Using asyncio event loop: asyncio.windows_events._WindowsSelectorEventLoop
2025-05-04 10:49:16 [scrapy.utils.log] DEBUG: Using reactor: twisted.internet.asyncioreactor.AsyncioSelectorReactor
2025-05-04 10:49:16 [scrapy.utils.log] DEBUG: Using asyncio event loop: asyncio.windows_events._WindowsSelectorEventLoop
2025-05-04 10:49:16 [scrapy.extensions.telnet] INFO: Telnet Password: eab315e2156ef724
2025-05-04 10:49:16 [scrapy.middleware] INFO: Enabled extensions:
['scrapy.extensions.corestats.CoreStats',
 'scrapy.extensions.telnet.TelnetConsole',
 'scrapy.extensions.logstats.LogStats']
2025-05-04 10:49:16 [scrapy.crawler] INFO: Overridden settings:
{'BOT_NAME': 'weather_project',
 'CONCURRENT_REQUESTS': 4,
 'DOWNLOAD_DELAY': 2,
 'FEED_EXPORT_ENCODING': 'utf-8',
 'LOG_FILE': 'scrapy_debug.log',
 'NEWSPIDER_MODULE': 'weather_project.spiders',
 'SPIDER_MODULES': ['weather_project.spiders'],
 'TWISTED_REACTOR': 'twisted.internet.asyncioreactor.AsyncioSelectorReactor'}
2025-05-04 10:49:17 [scrapy.middleware] INFO: Enabled downloader middlewares:
['scrapy.downloadermiddlewares.offsite.OffsiteMiddleware',
 'scrapy.downloadermiddlewares.httpproxy.HttpProxyMiddleware',
 'scrapy.downloadermiddlewares.httpauth.HttpAuthMiddleware',
 'scrapy.downloadermiddlewares.downloadtimeout.DownloadTimeoutMiddleware',
 'scrapy.downloadermiddlewares.defaultheaders.DefaultHeadersMiddleware',
 'scrapy.downloadermiddlewares.retry.RetryMiddleware',
 'scrapy.downloadermiddlewares.redirect.MetaRefreshMiddleware',
 'scrapy.downloadermiddlewares.httpcompression.HttpCompressionMiddleware',
 'scrapy.downloadermiddlewares.redirect.RedirectMiddleware',
 'scrapy.downloadermiddlewares.cookies.CookiesMiddleware',
 'scrapy.downloadermiddlewares.stats.DownloaderStats']
2025-05-04 10:49:17 [scrapy.middleware] INFO: Enabled spider middlewares:
['scrapy.spidermiddlewares.httperror.HttpErrorMiddleware',
 'scrapy.spidermiddlewares.referer.RefererMiddleware',
 'scrapy.spidermiddlewares.urllength.UrlLengthMiddleware',
 'scrapy.spidermiddlewares.depth.DepthMiddleware']
2025-05-04 10:49:17 [scrapy.middleware] INFO: Enabled item pipelines:
['weather_project.pipelines.year5_WeatherPipeline']
2025-05-04 10:49:17 [scrapy.core.engine] INFO: Spider opened
2025-05-04 10:49:17 [scrapy.extensions.logstats] INFO: Crawled 0 pages (at 0 pages/min), scraped 0 items (at 0 items/min)
2025-05-04 10:49:17 [scrapy.extensions.telnet] INFO: Telnet console listening on 127.0.0.1:6023
2025-05-04 10:49:52 [scrapy.crawler] INFO: Received SIGINT, shutting down gracefully. Send again to force 
2025-05-04 10:49:52 [scrapy.core.engine] INFO: Closing spider (shutdown)
2025-05-04 10:50:17 [scrapy.extensions.logstats] INFO: Crawled 0 pages (at 0 pages/min), scraped 0 items (at 0 items/min)
2025-05-04 10:51:17 [scrapy.extensions.logstats] INFO: Crawled 0 pages (at 0 pages/min), scraped 0 items (at 0 items/min)
2025-05-04 10:51:39 [scrapy.utils.log] INFO: Scrapy 2.12.0 started (bot: weather_project)
2025-05-04 10:51:39 [scrapy.utils.log] INFO: Versions: lxml 5.3.0.0, libxml2 2.13.7, cssselect 1.2.0, parsel 1.8.1, w3lib 2.1.2, Twisted 24.11.0, Python 3.9.21 (main, Dec 11 2024, 16:35:24) [MSC v.1929 64 bit (AMD64)], pyOpenSSL 25.0.0 (OpenSSL 3.0.15 3 Sep 2024), cryptography 44.0.1, Platform Windows-10-10.0.26100-SP0
2025-05-04 10:51:39 [scrapy.addons] INFO: Enabled addons:
[]
2025-05-04 10:51:39 [asyncio] DEBUG: Using selector: SelectSelector
2025-05-04 10:51:39 [scrapy.utils.log] DEBUG: Using reactor: twisted.internet.asyncioreactor.AsyncioSelectorReactor
2025-05-04 10:51:39 [scrapy.utils.log] DEBUG: Using asyncio event loop: asyncio.windows_events._WindowsSelectorEventLoop
2025-05-04 10:51:39 [scrapy.utils.log] DEBUG: Using reactor: twisted.internet.asyncioreactor.AsyncioSelectorReactor
2025-05-04 10:51:39 [scrapy.utils.log] DEBUG: Using asyncio event loop: asyncio.windows_events._WindowsSelectorEventLoop
2025-05-04 10:51:39 [scrapy.extensions.telnet] INFO: Telnet Password: f62e46ec1bdc0960
2025-05-04 10:51:39 [scrapy.middleware] INFO: Enabled extensions:
['scrapy.extensions.corestats.CoreStats',
 'scrapy.extensions.telnet.TelnetConsole',
 'scrapy.extensions.logstats.LogStats']
2025-05-04 10:51:39 [scrapy.crawler] INFO: Overridden settings:
{'BOT_NAME': 'weather_project',
 'CONCURRENT_REQUESTS': 4,
 'DOWNLOAD_DELAY': 2,
 'FEED_EXPORT_ENCODING': 'utf-8',
 'LOG_FILE': 'scrapy_debug.log',
 'NEWSPIDER_MODULE': 'weather_project.spiders',
 'SPIDER_MODULES': ['weather_project.spiders'],
 'TWISTED_REACTOR': 'twisted.internet.asyncioreactor.AsyncioSelectorReactor'}
2025-05-04 10:51:40 [scrapy.middleware] INFO: Enabled downloader middlewares:
['scrapy.downloadermiddlewares.offsite.OffsiteMiddleware',
 'scrapy.downloadermiddlewares.httpproxy.HttpProxyMiddleware',
 'scrapy.downloadermiddlewares.httpauth.HttpAuthMiddleware',
 'scrapy.downloadermiddlewares.downloadtimeout.DownloadTimeoutMiddleware',
 'scrapy.downloadermiddlewares.defaultheaders.DefaultHeadersMiddleware',
 'scrapy.downloadermiddlewares.retry.RetryMiddleware',
 'scrapy.downloadermiddlewares.redirect.MetaRefreshMiddleware',
 'scrapy.downloadermiddlewares.httpcompression.HttpCompressionMiddleware',
 'scrapy.downloadermiddlewares.redirect.RedirectMiddleware',
 'scrapy.downloadermiddlewares.cookies.CookiesMiddleware',
 'scrapy.downloadermiddlewares.stats.DownloaderStats']
2025-05-04 10:51:40 [scrapy.middleware] INFO: Enabled spider middlewares:
['scrapy.spidermiddlewares.httperror.HttpErrorMiddleware',
 'scrapy.spidermiddlewares.referer.RefererMiddleware',
 'scrapy.spidermiddlewares.urllength.UrlLengthMiddleware',
 'scrapy.spidermiddlewares.depth.DepthMiddleware']
2025-05-04 10:51:40 [scrapy.middleware] INFO: Enabled item pipelines:
['weather_project.pipelines.year5_WeatherPipeline']
2025-05-04 10:51:40 [scrapy.core.engine] INFO: Spider opened
2025-05-04 10:51:40 [scrapy.extensions.logstats] INFO: Crawled 0 pages (at 0 pages/min), scraped 0 items (at 0 items/min)
2025-05-04 10:51:40 [scrapy.extensions.telnet] INFO: Telnet console listening on 127.0.0.1:6023
2025-05-04 10:51:40 [scrapy.core.engine] DEBUG: Crawled (200) <GET https://www.tianqi.com//tianqi/wuhan/20200101/> (referer: https://www.tianqi.com/)
2025-05-04 10:51:41 [scrapy.core.scraper] DEBUG: Scraped from <200 https://www.tianqi.com//tianqi/wuhan/20200101/>
{'时间': '2020年01月01日',
 '最低温度': '2',
 '最高温度': '7',
 '湿度': '94',
 '空气质量': '92',
 '紫外线': '最弱',
 '风力': '2',
 '风向': '东风'}
2025-05-04 10:51:43 [scrapy.core.engine] DEBUG: Crawled (200) <GET https://www.tianqi.com//tianqi/wuhan/20200102/> (referer: https://www.tianqi.com/)
2025-05-04 10:51:43 [scrapy.core.scraper] DEBUG: Scraped from <200 https://www.tianqi.com//tianqi/wuhan/20200102/>
{'时间': '2020年01月02日',
 '最低温度': '5',
 '最高温度': '8',
 '湿度': '86',
 '空气质量': '141',
 '紫外线': '最弱',
 '风力': '2',
 '风向': '北风'}
2025-05-04 10:51:43 [scrapy.core.engine] INFO: Closing spider (finished)
2025-05-04 10:51:43 [scrapy.statscollectors] INFO: Dumping Scrapy stats:
{'downloader/request_bytes': 804,
 'downloader/request_count': 2,
 'downloader/request_method_count/GET': 2,
 'downloader/response_bytes': 24095,
 'downloader/response_count': 2,
 'downloader/response_status_count/200': 2,
 'elapsed_time_seconds': 2.893756,
 'finish_reason': 'finished',
 'finish_time': datetime.datetime(2025, 5, 4, 2, 51, 43, 634092, tzinfo=datetime.timezone.utc),
 'httpcompression/response_bytes': 98582,
 'httpcompression/response_count': 2,
 'item_scraped_count': 2,
 'items_per_minute': None,
 'log_count/DEBUG': 9,
 'log_count/INFO': 10,
 'response_received_count': 2,
 'responses_per_minute': None,
 'scheduler/dequeued': 2,
 'scheduler/dequeued/memory': 2,
 'scheduler/enqueued': 2,
 'scheduler/enqueued/memory': 2,
 'start_time': datetime.datetime(2025, 5, 4, 2, 51, 40, 740336, tzinfo=datetime.timezone.utc)}
2025-05-04 10:51:43 [scrapy.core.engine] INFO: Spider closed (finished)
